c:\users\panosgk\desktop\rift\ovrdemo\opengl_lab03\debug\vc120.pdb
c:\users\panosgk\desktop\rift\ovrdemo\opengl_lab03\debug\vc120.idb
c:\users\panosgk\desktop\rift\ovrdemo\opengl_lab03\debug\ovr_capi_util.obj
c:\users\panosgk\desktop\rift\ovrdemo\opengl_lab03\debug\ovr_stereoprojection.obj
c:\users\panosgk\desktop\rift\ovrdemo\opengl_lab03\debug\main.obj
c:\users\panosgk\desktop\rift\ovrdemo\opengl_lab03\debug\visuals.obj
c:\users\panosgk\desktop\oculustetris\ovrdemo\opengl_lab03\debug\vc120.pdb
c:\users\panosgk\desktop\oculustetris\ovrdemo\opengl_lab03\debug\vc120.idb
c:\users\panosgk\desktop\oculustetris\ovrdemo\opengl_lab03\debug\ovr_capi_util.obj
c:\users\panosgk\desktop\oculustetris\ovrdemo\opengl_lab03\debug\ovr_stereoprojection.obj
c:\users\panosgk\desktop\oculustetris\ovrdemo\opengl_lab03\debug\main.obj
c:\users\panosgk\desktop\oculustetris\ovrdemo\opengl_lab03\debug\visuals.obj
c:\users\panosgk\desktop\rift\ovrdemo\debug\opengl_lab03.ilk
c:\users\panosgk\desktop\rift\ovrdemo\debug\opengl_lab03.exe
c:\users\panosgk\desktop\rift\ovrdemo\debug\opengl_lab03.pdb
c:\users\panosgk\desktop\oculustetris\ovrdemo\debug\opengl_lab03.ilk
c:\users\panosgk\desktop\oculustetris\ovrdemo\debug\opengl_lab03.exe
c:\users\panosgk\desktop\oculustetris\ovrdemo\debug\opengl_lab03.pdb
c:\users\panosgk\desktop\oculustetris\ovrdemo\opengl_lab03\debug\opengl_lab03.tlog\cl.command.1.tlog
c:\users\panosgk\desktop\oculustetris\ovrdemo\opengl_lab03\debug\opengl_lab03.tlog\cl.read.1.tlog
c:\users\panosgk\desktop\oculustetris\ovrdemo\opengl_lab03\debug\opengl_lab03.tlog\cl.write.1.tlog
c:\users\panosgk\desktop\oculustetris\ovrdemo\opengl_lab03\debug\opengl_lab03.tlog\link.command.1.tlog
c:\users\panosgk\desktop\oculustetris\ovrdemo\opengl_lab03\debug\opengl_lab03.tlog\link.read.1.tlog
c:\users\panosgk\desktop\oculustetris\ovrdemo\opengl_lab03\debug\opengl_lab03.tlog\link.write.1.tlog
