Build started 18/2/2016 9:52:34 πμ.
     1>Project "C:\Users\PanosGk\Desktop\Tetris_4_7761 (1)\oculustetris\ovrdemo\OpenGL_Lab03\OpenGL_Lab03.vcxproj" on node 2 (Build target(s)).
     1>ClCompile:
         C:\Program Files (x86)\Microsoft Visual Studio 12.0\VC\bin\CL.exe /c /I"C:\Users\PanosGk\Desktop\Tetris_4_7761 (1)\oculustetris\ovrdemo\libs/soil/include" /I..\libs\gl\include /I..\libs\ovr\include /ZI /nologo /W3 /WX- /Od /Oy- /D WIN32 /D _DEBUG /D _CONSOLE /D _UNICODE /D UNICODE /Gm /EHsc /RTC1 /MDd /GS /fp:precise /Zc:wchar_t /Zc:forScope /Fo"Debug\\" /Fd"Debug\vc120.pdb" /Gd /TP /analyze- /errorReport:prompt ..\libs\ovr\include\Extras\OVR_CAPI_Util.cpp ..\libs\ovr\include\Extras\OVR_StereoProjection.cpp main.cpp visuals.cpp
         visuals.cpp
     1>c:\users\panosgk\desktop\tetris_4_7761 (1)\oculustetris\ovrdemo\opengl_lab03\tiny_obj_loader.h(1089): warning C4996: 'sscanf': This function or variable may be unsafe. Consider using sscanf_s instead. To disable deprecation, use _CRT_SECURE_NO_WARNINGS. See online help for details.
                 c:\program files (x86)\microsoft visual studio 12.0\vc\include\stdio.h(304) : see declaration of 'sscanf'
     1>c:\users\panosgk\desktop\tetris_4_7761 (1)\oculustetris\ovrdemo\opengl_lab03\tiny_obj_loader.h(1113): warning C4996: 'sscanf': This function or variable may be unsafe. Consider using sscanf_s instead. To disable deprecation, use _CRT_SECURE_NO_WARNINGS. See online help for details.
                 c:\program files (x86)\microsoft visual studio 12.0\vc\include\stdio.h(304) : see declaration of 'sscanf'
     1>c:\users\panosgk\desktop\tetris_4_7761 (1)\oculustetris\ovrdemo\opengl_lab03\visuals.cpp(126): warning C4305: 'initializing' : truncation from 'double' to 'float'
     1>c:\users\panosgk\desktop\tetris_4_7761 (1)\oculustetris\ovrdemo\opengl_lab03\visuals.cpp(142): warning C4101: 'flags' : unreferenced local variable
     1>c:\users\panosgk\desktop\tetris_4_7761 (1)\oculustetris\ovrdemo\opengl_lab03\visuals.cpp(141): warning C4101: 'y' : unreferenced local variable
     1>c:\users\panosgk\desktop\tetris_4_7761 (1)\oculustetris\ovrdemo\opengl_lab03\visuals.cpp(141): warning C4101: 'x' : unreferenced local variable
     1>c:\users\panosgk\desktop\tetris_4_7761 (1)\oculustetris\ovrdemo\opengl_lab03\visuals.cpp(141): warning C4101: 'i' : unreferenced local variable
     1>c:\users\panosgk\desktop\tetris_4_7761 (1)\oculustetris\ovrdemo\opengl_lab03\visuals.cpp(218): warning C4244: 'argument' : conversion from 'time_t' to 'unsigned int', possible loss of data
     1>c:\users\panosgk\desktop\tetris_4_7761 (1)\oculustetris\ovrdemo\opengl_lab03\visuals.cpp(534): warning C4018: '<' : signed/unsigned mismatch
     1>c:\users\panosgk\desktop\tetris_4_7761 (1)\oculustetris\ovrdemo\opengl_lab03\visuals.cpp(579): warning C4018: '<' : signed/unsigned mismatch
     1>c:\users\panosgk\desktop\tetris_4_7761 (1)\oculustetris\ovrdemo\opengl_lab03\visuals.cpp(616): warning C4018: '<' : signed/unsigned mismatch
     1>c:\users\panosgk\desktop\tetris_4_7761 (1)\oculustetris\ovrdemo\opengl_lab03\visuals.cpp(680): warning C4018: '<' : signed/unsigned mismatch
     1>c:\users\panosgk\desktop\tetris_4_7761 (1)\oculustetris\ovrdemo\opengl_lab03\visuals.cpp(744): warning C4018: '<' : signed/unsigned mismatch
     1>c:\users\panosgk\desktop\tetris_4_7761 (1)\oculustetris\ovrdemo\opengl_lab03\visuals.cpp(812): warning C4244: 'argument' : conversion from 'time_t' to 'unsigned int', possible loss of data
     1>c:\users\panosgk\desktop\tetris_4_7761 (1)\oculustetris\ovrdemo\opengl_lab03\visuals.cpp(814): warning C4244: 'argument' : conversion from 'time_t' to 'unsigned int', possible loss of data
     1>c:\users\panosgk\desktop\tetris_4_7761 (1)\oculustetris\ovrdemo\opengl_lab03\visuals.cpp(851): warning C4305: 'initializing' : truncation from 'double' to 'GLfloat'
     1>c:\users\panosgk\desktop\tetris_4_7761 (1)\oculustetris\ovrdemo\opengl_lab03\visuals.cpp(852): warning C4305: 'initializing' : truncation from 'double' to 'GLfloat'
     1>c:\users\panosgk\desktop\tetris_4_7761 (1)\oculustetris\ovrdemo\opengl_lab03\visuals.cpp(853): warning C4305: 'initializing' : truncation from 'double' to 'GLfloat'
     1>c:\users\panosgk\desktop\tetris_4_7761 (1)\oculustetris\ovrdemo\opengl_lab03\visuals.cpp(1272): warning C4244: 'argument' : conversion from 'int' to 'GLfloat', possible loss of data
     1>c:\users\panosgk\desktop\tetris_4_7761 (1)\oculustetris\ovrdemo\opengl_lab03\visuals.cpp(1307): warning C4244: 'argument' : conversion from 'int' to 'GLfloat', possible loss of data
     1>c:\users\panosgk\desktop\tetris_4_7761 (1)\oculustetris\ovrdemo\opengl_lab03\visuals.cpp(1314): warning C4244: 'argument' : conversion from 'int' to 'GLfloat', possible loss of data
     1>c:\users\panosgk\desktop\tetris_4_7761 (1)\oculustetris\ovrdemo\opengl_lab03\visuals.cpp(1321): warning C4244: 'argument' : conversion from 'int' to 'GLfloat', possible loss of data
     1>c:\users\panosgk\desktop\tetris_4_7761 (1)\oculustetris\ovrdemo\opengl_lab03\visuals.cpp(1328): warning C4244: 'argument' : conversion from 'int' to 'GLfloat', possible loss of data
     1>c:\users\panosgk\desktop\tetris_4_7761 (1)\oculustetris\ovrdemo\opengl_lab03\visuals.cpp(1361): warning C4244: 'argument' : conversion from 'int' to 'GLfloat', possible loss of data
     1>c:\users\panosgk\desktop\tetris_4_7761 (1)\oculustetris\ovrdemo\opengl_lab03\visuals.cpp(1368): warning C4244: 'argument' : conversion from 'int' to 'GLfloat', possible loss of data
     1>c:\users\panosgk\desktop\tetris_4_7761 (1)\oculustetris\ovrdemo\opengl_lab03\visuals.cpp(1375): warning C4244: 'argument' : conversion from 'int' to 'GLfloat', possible loss of data
     1>c:\users\panosgk\desktop\tetris_4_7761 (1)\oculustetris\ovrdemo\opengl_lab03\visuals.cpp(1382): warning C4244: 'argument' : conversion from 'int' to 'GLfloat', possible loss of data
     1>c:\users\panosgk\desktop\tetris_4_7761 (1)\oculustetris\ovrdemo\opengl_lab03\visuals.cpp(1393): warning C4305: 'argument' : truncation from 'double' to 'GLfloat'
     1>c:\users\panosgk\desktop\tetris_4_7761 (1)\oculustetris\ovrdemo\opengl_lab03\visuals.cpp(1400): warning C4996: 'itoa': The POSIX name for this item is deprecated. Instead, use the ISO C++ conformant name: _itoa. See online help for details.
                 c:\program files (x86)\microsoft visual studio 12.0\vc\include\stdlib.h(937) : see declaration of 'itoa'
     1>c:\users\panosgk\desktop\tetris_4_7761 (1)\oculustetris\ovrdemo\opengl_lab03\visuals.cpp(1401): warning C4996: 'strcat': This function or variable may be unsafe. Consider using strcat_s instead. To disable deprecation, use _CRT_SECURE_NO_WARNINGS. See online help for details.
                 c:\program files (x86)\microsoft visual studio 12.0\vc\include\string.h(118) : see declaration of 'strcat'
     1>c:\users\panosgk\desktop\tetris_4_7761 (1)\oculustetris\ovrdemo\opengl_lab03\visuals.cpp(1537): warning C4244: 'argument' : conversion from 'time_t' to 'unsigned int', possible loss of data
     1>c:\users\panosgk\desktop\tetris_4_7761 (1)\oculustetris\ovrdemo\opengl_lab03\visuals.cpp(1539): warning C4244: 'argument' : conversion from 'time_t' to 'unsigned int', possible loss of data
     1>c:\users\panosgk\desktop\tetris_4_7761 (1)\oculustetris\ovrdemo\opengl_lab03\visuals.cpp(1547): warning C4244: '=' : conversion from 'int' to 'float', possible loss of data
     1>c:\users\panosgk\desktop\tetris_4_7761 (1)\oculustetris\ovrdemo\opengl_lab03\visuals.cpp(1548): warning C4244: '=' : conversion from 'int' to 'float', possible loss of data
     1>c:\users\panosgk\desktop\tetris_4_7761 (1)\oculustetris\ovrdemo\opengl_lab03\visuals.cpp(1591): warning C4244: '=' : conversion from 'int' to 'float', possible loss of data
     1>c:\users\panosgk\desktop\tetris_4_7761 (1)\oculustetris\ovrdemo\opengl_lab03\visuals.cpp(1592): warning C4244: '=' : conversion from 'int' to 'float', possible loss of data
     1>c:\users\panosgk\desktop\tetris_4_7761 (1)\oculustetris\ovrdemo\opengl_lab03\visuals.cpp(1635): warning C4244: '=' : conversion from 'int' to 'float', possible loss of data
     1>c:\users\panosgk\desktop\tetris_4_7761 (1)\oculustetris\ovrdemo\opengl_lab03\visuals.cpp(1636): warning C4244: '=' : conversion from 'int' to 'float', possible loss of data
     1>c:\users\panosgk\desktop\tetris_4_7761 (1)\oculustetris\ovrdemo\opengl_lab03\visuals.cpp(1693): warning C4244: 'argument' : conversion from 'time_t' to 'unsigned int', possible loss of data
     1>c:\users\panosgk\desktop\tetris_4_7761 (1)\oculustetris\ovrdemo\opengl_lab03\visuals.cpp(1695): warning C4244: 'argument' : conversion from 'time_t' to 'unsigned int', possible loss of data
     1>c:\users\panosgk\desktop\tetris_4_7761 (1)\oculustetris\ovrdemo\opengl_lab03\visuals.cpp(1714): warning C4244: 'argument' : conversion from 'time_t' to 'unsigned int', possible loss of data
     1>c:\users\panosgk\desktop\tetris_4_7761 (1)\oculustetris\ovrdemo\opengl_lab03\visuals.cpp(1716): warning C4244: 'argument' : conversion from 'time_t' to 'unsigned int', possible loss of data
     1>c:\users\panosgk\desktop\tetris_4_7761 (1)\oculustetris\ovrdemo\opengl_lab03\visuals.cpp(1735): warning C4244: 'argument' : conversion from 'time_t' to 'unsigned int', possible loss of data
     1>c:\users\panosgk\desktop\tetris_4_7761 (1)\oculustetris\ovrdemo\opengl_lab03\visuals.cpp(1737): warning C4244: 'argument' : conversion from 'time_t' to 'unsigned int', possible loss of data
     1>c:\users\panosgk\desktop\tetris_4_7761 (1)\oculustetris\ovrdemo\opengl_lab03\visuals.cpp(1845): warning C4244: 'argument' : conversion from 'double' to 'GLfloat', possible loss of data
     1>c:\users\panosgk\desktop\tetris_4_7761 (1)\oculustetris\ovrdemo\opengl_lab03\visuals.cpp(1908): warning C4244: '=' : conversion from 'float' to 'unsigned char', possible loss of data
     1>c:\users\panosgk\desktop\tetris_4_7761 (1)\oculustetris\ovrdemo\opengl_lab03\visuals.cpp(1909): warning C4244: '=' : conversion from 'float' to 'unsigned char', possible loss of data
     1>c:\users\panosgk\desktop\tetris_4_7761 (1)\oculustetris\ovrdemo\opengl_lab03\visuals.cpp(1910): warning C4244: '=' : conversion from 'float' to 'unsigned char', possible loss of data
         main.cpp
         OVR_StereoProjection.cpp
         OVR_CAPI_Util.cpp
         Generating Code...
       Link:
         C:\Program Files (x86)\Microsoft Visual Studio 12.0\VC\bin\link.exe /ERRORREPORT:PROMPT /OUT:"C:\Users\PanosGk\Desktop\Tetris_4_7761 (1)\oculustetris\ovrdemo\Debug\OpenGL_Lab03.exe" /INCREMENTAL /NOLOGO /LIBPATH:"C:\Users\PanosGk\Desktop\Tetris_4_7761 (1)\oculustetris\ovrdemo\libs/soil/lib" /LIBPATH:..\libs\gl\lib /LIBPATH:..\libs\ovr\lib kernel32.lib user32.lib gdi32.lib winspool.lib comdlg32.lib advapi32.lib shell32.lib ole32.lib oleaut32.lib uuid.lib odbc32.lib odbccp32.lib SOIL.lib opengl32.lib glu32.lib freeglut.lib glew32s.lib libOVRKernel.lib libOVR.lib /MANIFEST /MANIFESTUAC:"level='asInvoker' uiAccess='false'" /manifest:embed /DEBUG /PDB:"C:\Users\PanosGk\Desktop\Tetris_4_7761 (1)\oculustetris\ovrdemo\Debug\OpenGL_Lab03.pdb" /SUBSYSTEM:CONSOLE /TLBID:1 /DYNAMICBASE /NXCOMPAT /IMPLIB:"C:\Users\PanosGk\Desktop\Tetris_4_7761 (1)\oculustetris\ovrdemo\Debug\OpenGL_Lab03.lib" /MACHINE:X86 Debug\OVR_CAPI_Util.obj
         Debug\OVR_StereoProjection.obj
         Debug\main.obj
         Debug\visuals.obj
     1>LINK : warning LNK4098: defaultlib 'LIBCMT' conflicts with use of other libs; use /NODEFAULTLIB:library
     1>SOIL.lib(image_DXT.obj) : warning LNK4099: PDB 'vc100.pdb' was not found with 'SOIL.lib(image_DXT.obj)' or at 'C:\Users\PanosGk\Desktop\Tetris_4_7761 (1)\oculustetris\ovrdemo\Debug\vc100.pdb'; linking object as if no debug info
     1>SOIL.lib(image_helper.obj) : warning LNK4099: PDB 'vc100.pdb' was not found with 'SOIL.lib(image_helper.obj)' or at 'C:\Users\PanosGk\Desktop\Tetris_4_7761 (1)\oculustetris\ovrdemo\Debug\vc100.pdb'; linking object as if no debug info
     1>SOIL.lib(SOIL.obj) : warning LNK4099: PDB 'vc100.pdb' was not found with 'SOIL.lib(SOIL.obj)' or at 'C:\Users\PanosGk\Desktop\Tetris_4_7761 (1)\oculustetris\ovrdemo\Debug\vc100.pdb'; linking object as if no debug info
     1>SOIL.lib(stb_image_aug.obj) : warning LNK4099: PDB 'vc100.pdb' was not found with 'SOIL.lib(stb_image_aug.obj)' or at 'C:\Users\PanosGk\Desktop\Tetris_4_7761 (1)\oculustetris\ovrdemo\Debug\vc100.pdb'; linking object as if no debug info
         OpenGL_Lab03.vcxproj -> C:\Users\PanosGk\Desktop\Tetris_4_7761 (1)\oculustetris\ovrdemo\Debug\OpenGL_Lab03.exe
     1>Done Building Project "C:\Users\PanosGk\Desktop\Tetris_4_7761 (1)\oculustetris\ovrdemo\OpenGL_Lab03\OpenGL_Lab03.vcxproj" (Build target(s)).

Build succeeded.

Time Elapsed 00:00:12.92
